 This run of the CFX 2024 R1 Solver started at 17:58:30 on 02 Jun 2024
 by user Leandro on DESKTOP-JGRTV7O (intel_xeon64.sse2_winnt) using the
 command:
 
  "C:\Program Files\ANSYS Inc\ANSYS Student\v241\CFX\bin\perllib\cfx5solve.pl"
    -batch -ccl runInput.ccl -fullname "Fluid Flow CFX_001"
 
 2024 R1
 
  Point Releases and Patches installed:
  Discovery 2024 R1
  Fluids 2024 R1
  Ansys Dynamic Reporting 2024 R1
  SpaceClaim 2024 R1
  CFX (includes CFD-Post) 2024 R1
  Chemkin 2024 R1
  EnSight 2024 R1
  FENSAP-ICE 2024 R1
  Fluent (includes CFD-Post) 2024 R1
  Polyflow (includes CFD-Post) 2024 R1
  Forte (includes EnSight) 2024 R1
  TurboGrid 2024 R1
  ACIS Geometry Interface 2024 R1
  AutoCAD Geometry Interface 2024 R1
  Catia, Version 4 Geometry Interface 2024 R1
  Catia, Version 5 Geometry Interface 2024 R1
  Catia, Version 6 Geometry Interface 2024 R1
  Creo Elements/Direct Modeling Geometry Interface 2024 R1
  Creo Parametric Geometry Interface 2024 R1
  Inventor Geometry Interface 2024 R1
  JTOpen Geometry Interface 2024 R1
  NX Geometry Interface 2024 R1
  Parasolid Geometry Interface  2024 R1
  Solid Edge Geometry Interface 2024 R1
  SOLIDWORKS Geometry Interface 2024 R1
  Speos 2024 R1
  Aqwa 2024 R1
  Autodyn 2024 R1
  Material Calibration App 2024 R1
  Customization Files for User Programmable Features 2024 R1
  Mechanical Products 2024 R1
  Motion 2024 R1
  Academic Student 2024 R1
 
 Setting up CFX Solver run ...
 
 
 +--------------------------------------------------------------------+
 |                                                                    |
 |                    CFX Command Language Upgrade                    |
 |                                                                    |
 +--------------------------------------------------------------------+
 
 Added /SIMULATION CONTROL/EXECUTION CONTROL/INTERPOLATOR STEP
 CONTROL/MEMORY CONTROL/Option = Model Based.
 
 Added /SIMULATION CONTROL/EXECUTION CONTROL/PARTITIONER STEP
 CONTROL/MEMORY CONTROL/Option = Model Based.
 
 Added /SIMULATION CONTROL/EXECUTION CONTROL/SOLVER STEP CONTROL/MEMORY
 CONTROL/Option = Model Based.
 
 
 +--------------------------------------------------------------------+
 |                                                                    |
 |                    CFX Command Language for Run                    |
 |                                                                    |
 +--------------------------------------------------------------------+
 
 LIBRARY:
   CEL:
     EXPRESSIONS:
       Pressurecoef = Pressure /(0.5*Density *Velref *Velref )
       TSBcobertura0Zona1ext = 21.199230194091797 [C]
       TSBcobertura13Zona1ext = 20.953323364257812 [C]
       TSBcobertura14Zona1ext = 21.199230194091797 [C]
       TSBcobertura15Zona1ext = 21.199230194091797 [C]
       TSBcobertura16Zona1ext = 21.199230194091797 [C]
       TSBcobertura17Zona1ext = 21.199230194091797 [C]
       TSBcobertura4Zona5ext = 20.953323364257812 [C]
       TSBcobertura4Zona9ext = 20.953323364257812 [C]
       TSBcobertura7Zona10ext = 20.953323364257812 [C]
       TSBcobertura7Zona11ext = 20.953323364257812 [C]
       TSBcobertura7Zona12ext = 20.953323364257812 [C]
       TSBcobertura7Zona13ext = 20.953323364257812 [C]
       TSBcobertura9Zona1ext = 20.953323364257812 [C]
       TSBfachada0Zona10ext = 21.6461181640625 [C]
       TSBfachada0Zona11ext = 21.6461181640625 [C]
       TSBfachada0Zona12ext = 21.6461181640625 [C]
       TSBfachada0Zona13ext = 21.6461181640625 [C]
       TSBfachada0Zona2ext = 21.6461181640625 [C]
       TSBfachada0Zona3ext = 21.6461181640625 [C]
       TSBfachada0Zona4ext = 21.6461181640625 [C]
       TSBfachada0Zona5ext = 21.6461181640625 [C]
       TSBfachada1Zona12ext = 21.6461181640625 [C]
       TSBfachada1Zona13ext = 21.6461181640625 [C]
       TSBfachada1Zona6ext = 21.6461181640625 [C]
       TSBfachada1Zona7ext = 21.6461181640625 [C]
       TSBfachada1Zona8ext = 21.6461181640625 [C]
       TSBfachada1Zona9ext = 21.6461181640625 [C]
       TSBfachada2Zona12ext = 21.6461181640625 [C]
       TSBfachada2Zona13ext = 21.6461181640625 [C]
       TSBfachada2Zona2ext = 21.6461181640625 [C]
       TSBfachada2Zona3ext = 21.6461181640625 [C]
       TSBfachada2Zona4ext = 21.6461181640625 [C]
       TSBfachada2Zona5ext = 21.6461181640625 [C]
       TSBfachada3Zona6ext = 21.6461181640625 [C]
       TSBfachada3Zona7ext = 21.6461181640625 [C]
       TSBfachada3Zona8ext = 21.6461181640625 [C]
       TSBfachada3Zona9ext = 21.6461181640625 [C]
       TSBfachada5Zona10ext = 21.6461181640625 [C]
       TSBfachada5Zona11ext = 21.6461181640625 [C]
       TSBfachada6Zona10ext = 21.6461181640625 [C]
       TSBfachada6Zona11ext = 21.6461181640625 [C]
       TSsideatmosphere1 = 20 [C]
       TSsideatmosphere2 = 20 [C]
       TSsideatmosphere3 = 20 [C]
       TSsideatmosphere4 = 20 [C]
       TSsolatmosphere = 20 [C]
       TStopatmosphere = 20 [C]
       Tref = 25.0 [C]
       Uinlet = Uref*((z-Zground)/Zref)^0.3
       Uref = 0.01 [m s^-1]
       Velref = 0.01 [m s^-1]
       Vinlet = Vref*((z-Zground)/Zref)^0.3
       Vref = 0.0 [m s^-1]
       Zground = -0.0001 [m]
       Zref = 10 [m]
       dissnrjturb = ((0.09^0.75)*(turbenergy^1.5))/(0.41*(z-Zground))
       turbenergy = 0.3*Velref *Velref
     END
   END
   MATERIAL: Air at 25 C
     Material Description = Air at 25 C and 1 atm (dry)
     Material Group = Air Data, Constant Property Gases
     Option = Pure Substance
     Thermodynamic State = Gas
     PROPERTIES:
       Option = General Material
       EQUATION OF STATE:
         Density = 1.185 [kg m^-3]
         Molar Mass = 28.96 [kg kmol^-1]
         Option = Value
       END
       SPECIFIC HEAT CAPACITY:
         Option = Value
         Specific Heat Capacity = 1.0044E+03 [J kg^-1 K^-1]
         Specific Heat Type = Constant Pressure
       END
       REFERENCE STATE:
         Option = Specified Point
         Reference Pressure = 1 [atm]
         Reference Specific Enthalpy = 0. [J/kg]
         Reference Specific Entropy = 0. [J/kg/K]
         Reference Temperature = 25 [C]
       END
       DYNAMIC VISCOSITY:
         Dynamic Viscosity = 1.831E-05 [kg m^-1 s^-1]
         Option = Value
       END
       THERMAL CONDUCTIVITY:
         Option = Value
         Thermal Conductivity = 2.61E-02 [W m^-1 K^-1]
       END
       ABSORPTION COEFFICIENT:
         Absorption Coefficient = 0.01 [m^-1]
         Option = Value
       END
       SCATTERING COEFFICIENT:
         Option = Value
         Scattering Coefficient = 0.0 [m^-1]
       END
       REFRACTIVE INDEX:
         Option = Value
         Refractive Index = 1.0 [m m^-1]
       END
       THERMAL EXPANSIVITY:
         Option = Value
         Thermal Expansivity = 0.003356 [K^-1]
       END
     END
   END
 END
 FLOW: Flow Analysis 1
   SOLUTION UNITS:
     Angle Units = [rad]
     Length Units = [m]
     Mass Units = [kg]
     Solid Angle Units = [sr]
     Temperature Units = [K]
     Time Units = [s]
   END
   ANALYSIS TYPE:
     Option = Steady State
     EXTERNAL SOLVER COUPLING:
       Option = None
     END
   END
   DOMAIN: canopy
     Coord Frame = Coord 0
     Domain Type = Fluid
     Location = Primitive 3D
     BOUNDARY: Bcobertura0Zona1ext
       Boundary Type = WALL
       Location = PSHELL 1
       BOUNDARY CONDITIONS:
         HEAT TRANSFER:
           Fixed Temperature = TSBcobertura0Zona1ext
           Option = Fixed Temperature
         END
         MASS AND MOMENTUM:
           Option = No Slip Wall
         END
         WALL ROUGHNESS:
           Option = Smooth Wall
         END
       END
     END
     BOUNDARY: Bcobertura13Zona1ext
       Boundary Type = WALL
       Location = PSHELL 3
       BOUNDARY CONDITIONS:
         HEAT TRANSFER:
           Fixed Temperature = TSBcobertura13Zona1ext
           Option = Fixed Temperature
         END
         MASS AND MOMENTUM:
           Option = No Slip Wall
         END
         WALL ROUGHNESS:
           Option = Smooth Wall
         END
       END
     END
     BOUNDARY: Bcobertura14Zona1ext
       Boundary Type = WALL
       Location = PSHELL 4
       BOUNDARY CONDITIONS:
         HEAT TRANSFER:
           Fixed Temperature = TSBcobertura14Zona1ext
           Option = Fixed Temperature
         END
         MASS AND MOMENTUM:
           Option = No Slip Wall
         END
         WALL ROUGHNESS:
           Option = Smooth Wall
         END
       END
     END
     BOUNDARY: Bcobertura15Zona1ext
       Boundary Type = WALL
       Location = PSHELL 5
       BOUNDARY CONDITIONS:
         HEAT TRANSFER:
           Fixed Temperature = TSBcobertura15Zona1ext
           Option = Fixed Temperature
         END
         MASS AND MOMENTUM:
           Option = No Slip Wall
         END
         WALL ROUGHNESS:
           Option = Smooth Wall
         END
       END
     END
     BOUNDARY: Bcobertura16Zona1ext
       Boundary Type = WALL
       Location = PSHELL 6
       BOUNDARY CONDITIONS:
         HEAT TRANSFER:
           Fixed Temperature = TSBcobertura16Zona1ext
           Option = Fixed Temperature
         END
         MASS AND MOMENTUM:
           Option = No Slip Wall
         END
         WALL ROUGHNESS:
           Option = Smooth Wall
         END
       END
     END
     BOUNDARY: Bcobertura17Zona1ext
       Boundary Type = WALL
       Location = PSHELL 7
       BOUNDARY CONDITIONS:
         HEAT TRANSFER:
           Fixed Temperature = TSBcobertura17Zona1ext
           Option = Fixed Temperature
         END
         MASS AND MOMENTUM:
           Option = No Slip Wall
         END
         WALL ROUGHNESS:
           Option = Smooth Wall
         END
       END
     END
     BOUNDARY: Bcobertura4Zona5ext
       Boundary Type = WALL
       Location = PSHELL 16
       BOUNDARY CONDITIONS:
         HEAT TRANSFER:
           Fixed Temperature = TSBcobertura4Zona5ext
           Option = Fixed Temperature
         END
         MASS AND MOMENTUM:
           Option = No Slip Wall
         END
         WALL ROUGHNESS:
           Option = Smooth Wall
         END
       END
     END
     BOUNDARY: Bcobertura4Zona9ext
       Boundary Type = WALL
       Location = PSHELL 25
       BOUNDARY CONDITIONS:
         HEAT TRANSFER:
           Fixed Temperature = TSBcobertura4Zona9ext
           Option = Fixed Temperature
         END
         MASS AND MOMENTUM:
           Option = No Slip Wall
         END
         WALL ROUGHNESS:
           Option = Smooth Wall
         END
       END
     END
     BOUNDARY: Bcobertura7Zona10ext
       Boundary Type = WALL
       Location = PSHELL 29
       BOUNDARY CONDITIONS:
         HEAT TRANSFER:
           Fixed Temperature = TSBcobertura7Zona10ext
           Option = Fixed Temperature
         END
         MASS AND MOMENTUM:
           Option = No Slip Wall
         END
         WALL ROUGHNESS:
           Option = Smooth Wall
         END
       END
     END
     BOUNDARY: Bcobertura7Zona11ext
       Boundary Type = WALL
       Location = PSHELL 33
       BOUNDARY CONDITIONS:
         HEAT TRANSFER:
           Fixed Temperature = TSBcobertura7Zona11ext
           Option = Fixed Temperature
         END
         MASS AND MOMENTUM:
           Option = No Slip Wall
         END
         WALL ROUGHNESS:
           Option = Smooth Wall
         END
       END
     END
     BOUNDARY: Bcobertura7Zona12ext
       Boundary Type = WALL
       Location = PSHELL 37
       BOUNDARY CONDITIONS:
         HEAT TRANSFER:
           Fixed Temperature = TSBcobertura7Zona12ext
           Option = Fixed Temperature
         END
         MASS AND MOMENTUM:
           Option = No Slip Wall
         END
         WALL ROUGHNESS:
           Option = Smooth Wall
         END
       END
     END
     BOUNDARY: Bcobertura7Zona13ext
       Boundary Type = WALL
       Location = PSHELL 41
       BOUNDARY CONDITIONS:
         HEAT TRANSFER:
           Fixed Temperature = TSBcobertura7Zona13ext
           Option = Fixed Temperature
         END
         MASS AND MOMENTUM:
           Option = No Slip Wall
         END
         WALL ROUGHNESS:
           Option = Smooth Wall
         END
       END
     END
     BOUNDARY: Bcobertura9Zona1ext
       Boundary Type = WALL
       Location = PSHELL 2
       BOUNDARY CONDITIONS:
         HEAT TRANSFER:
           Fixed Temperature = TSBcobertura9Zona1ext
           Option = Fixed Temperature
         END
         MASS AND MOMENTUM:
           Option = No Slip Wall
         END
         WALL ROUGHNESS:
           Option = Smooth Wall
         END
       END
     END
     BOUNDARY: Bfachada0Zona10ext
       Boundary Type = WALL
       Location = PSHELL 26
       BOUNDARY CONDITIONS:
         HEAT TRANSFER:
           Fixed Temperature = TSBfachada0Zona10ext
           Option = Fixed Temperature
         END
         MASS AND MOMENTUM:
           Option = No Slip Wall
         END
         WALL ROUGHNESS:
           Option = Smooth Wall
         END
       END
     END
     BOUNDARY: Bfachada0Zona11ext
       Boundary Type = WALL
       Location = PSHELL 30
       BOUNDARY CONDITIONS:
         HEAT TRANSFER:
           Fixed Temperature = TSBfachada0Zona11ext
           Option = Fixed Temperature
         END
         MASS AND MOMENTUM:
           Option = No Slip Wall
         END
         WALL ROUGHNESS:
           Option = Smooth Wall
         END
       END
     END
     BOUNDARY: Bfachada0Zona12ext
       Boundary Type = WALL
       Location = PSHELL 34
       BOUNDARY CONDITIONS:
         HEAT TRANSFER:
           Fixed Temperature = TSBfachada0Zona12ext
           Option = Fixed Temperature
         END
         MASS AND MOMENTUM:
           Option = No Slip Wall
         END
         WALL ROUGHNESS:
           Option = Smooth Wall
         END
       END
     END
     BOUNDARY: Bfachada0Zona13ext
       Boundary Type = WALL
       Location = PSHELL 38
       BOUNDARY CONDITIONS:
         HEAT TRANSFER:
           Fixed Temperature = TSBfachada0Zona13ext
           Option = Fixed Temperature
         END
         MASS AND MOMENTUM:
           Option = No Slip Wall
         END
         WALL ROUGHNESS:
           Option = Smooth Wall
         END
       END
     END
     BOUNDARY: Bfachada0Zona2ext
       Boundary Type = WALL
       Location = PSHELL 8
       BOUNDARY CONDITIONS:
         HEAT TRANSFER:
           Fixed Temperature = TSBfachada0Zona2ext
           Option = Fixed Temperature
         END
         MASS AND MOMENTUM:
           Option = No Slip Wall
         END
         WALL ROUGHNESS:
           Option = Smooth Wall
         END
       END
     END
     BOUNDARY: Bfachada0Zona3ext
       Boundary Type = WALL
       Location = PSHELL 10
       BOUNDARY CONDITIONS:
         HEAT TRANSFER:
           Fixed Temperature = TSBfachada0Zona3ext
           Option = Fixed Temperature
         END
         MASS AND MOMENTUM:
           Option = No Slip Wall
         END
         WALL ROUGHNESS:
           Option = Smooth Wall
         END
       END
     END
     BOUNDARY: Bfachada0Zona4ext
       Boundary Type = WALL
       Location = PSHELL 12
       BOUNDARY CONDITIONS:
         HEAT TRANSFER:
           Fixed Temperature = TSBfachada0Zona4ext
           Option = Fixed Temperature
         END
         MASS AND MOMENTUM:
           Option = No Slip Wall
         END
         WALL ROUGHNESS:
           Option = Smooth Wall
         END
       END
     END
     BOUNDARY: Bfachada0Zona5ext
       Boundary Type = WALL
       Location = PSHELL 14
       BOUNDARY CONDITIONS:
         HEAT TRANSFER:
           Fixed Temperature = TSBfachada0Zona5ext
           Option = Fixed Temperature
         END
         MASS AND MOMENTUM:
           Option = No Slip Wall
         END
         WALL ROUGHNESS:
           Option = Smooth Wall
         END
       END
     END
     BOUNDARY: Bfachada1Zona12ext
       Boundary Type = WALL
       Location = PSHELL 35
       BOUNDARY CONDITIONS:
         HEAT TRANSFER:
           Fixed Temperature = TSBfachada1Zona12ext
           Option = Fixed Temperature
         END
         MASS AND MOMENTUM:
           Option = No Slip Wall
         END
         WALL ROUGHNESS:
           Option = Smooth Wall
         END
       END
     END
     BOUNDARY: Bfachada1Zona13ext
       Boundary Type = WALL
       Location = PSHELL 39
       BOUNDARY CONDITIONS:
         HEAT TRANSFER:
           Fixed Temperature = TSBfachada1Zona13ext
           Option = Fixed Temperature
         END
         MASS AND MOMENTUM:
           Option = No Slip Wall
         END
         WALL ROUGHNESS:
           Option = Smooth Wall
         END
       END
     END
     BOUNDARY: Bfachada1Zona6ext
       Boundary Type = WALL
       Location = PSHELL 17
       BOUNDARY CONDITIONS:
         HEAT TRANSFER:
           Fixed Temperature = TSBfachada1Zona6ext
           Option = Fixed Temperature
         END
         MASS AND MOMENTUM:
           Option = No Slip Wall
         END
         WALL ROUGHNESS:
           Option = Smooth Wall
         END
       END
     END
     BOUNDARY: Bfachada1Zona7ext
       Boundary Type = WALL
       Location = PSHELL 19
       BOUNDARY CONDITIONS:
         HEAT TRANSFER:
           Fixed Temperature = TSBfachada1Zona7ext
           Option = Fixed Temperature
         END
         MASS AND MOMENTUM:
           Option = No Slip Wall
         END
         WALL ROUGHNESS:
           Option = Smooth Wall
         END
       END
     END
     BOUNDARY: Bfachada1Zona8ext
       Boundary Type = WALL
       Location = PSHELL 21
       BOUNDARY CONDITIONS:
         HEAT TRANSFER:
           Fixed Temperature = TSBfachada1Zona8ext
           Option = Fixed Temperature
         END
         MASS AND MOMENTUM:
           Option = No Slip Wall
         END
         WALL ROUGHNESS:
           Option = Smooth Wall
         END
       END
     END
     BOUNDARY: Bfachada1Zona9ext
       Boundary Type = WALL
       Location = PSHELL 23
       BOUNDARY CONDITIONS:
         HEAT TRANSFER:
           Fixed Temperature = TSBfachada1Zona9ext
           Option = Fixed Temperature
         END
         MASS AND MOMENTUM:
           Option = No Slip Wall
         END
         WALL ROUGHNESS:
           Option = Smooth Wall
         END
       END
     END
     BOUNDARY: Bfachada2Zona12ext
       Boundary Type = WALL
       Location = PSHELL 36
       BOUNDARY CONDITIONS:
         HEAT TRANSFER:
           Fixed Temperature = TSBfachada2Zona12ext
           Option = Fixed Temperature
         END
         MASS AND MOMENTUM:
           Option = No Slip Wall
         END
         WALL ROUGHNESS:
           Option = Smooth Wall
         END
       END
     END
     BOUNDARY: Bfachada2Zona13ext
       Boundary Type = WALL
       Location = PSHELL 40
       BOUNDARY CONDITIONS:
         HEAT TRANSFER:
           Fixed Temperature = TSBfachada2Zona13ext
           Option = Fixed Temperature
         END
         MASS AND MOMENTUM:
           Option = No Slip Wall
         END
         WALL ROUGHNESS:
           Option = Smooth Wall
         END
       END
     END
     BOUNDARY: Bfachada2Zona2ext
       Boundary Type = WALL
       Location = PSHELL 9
       BOUNDARY CONDITIONS:
         HEAT TRANSFER:
           Fixed Temperature = TSBfachada2Zona2ext
           Option = Fixed Temperature
         END
         MASS AND MOMENTUM:
           Option = No Slip Wall
         END
         WALL ROUGHNESS:
           Option = Smooth Wall
         END
       END
     END
     BOUNDARY: Bfachada2Zona3ext
       Boundary Type = WALL
       Location = PSHELL 11
       BOUNDARY CONDITIONS:
         HEAT TRANSFER:
           Fixed Temperature = TSBfachada2Zona3ext
           Option = Fixed Temperature
         END
         MASS AND MOMENTUM:
           Option = No Slip Wall
         END
         WALL ROUGHNESS:
           Option = Smooth Wall
         END
       END
     END
     BOUNDARY: Bfachada2Zona4ext
       Boundary Type = WALL
       Location = PSHELL 13
       BOUNDARY CONDITIONS:
         HEAT TRANSFER:
           Fixed Temperature = TSBfachada2Zona4ext
           Option = Fixed Temperature
         END
         MASS AND MOMENTUM:
           Option = No Slip Wall
         END
         WALL ROUGHNESS:
           Option = Smooth Wall
         END
       END
     END
     BOUNDARY: Bfachada2Zona5ext
       Boundary Type = WALL
       Location = PSHELL 15
       BOUNDARY CONDITIONS:
         HEAT TRANSFER:
           Fixed Temperature = TSBfachada2Zona5ext
           Option = Fixed Temperature
         END
         MASS AND MOMENTUM:
           Option = No Slip Wall
         END
         WALL ROUGHNESS:
           Option = Smooth Wall
         END
       END
     END
     BOUNDARY: Bfachada3Zona6ext
       Boundary Type = WALL
       Location = PSHELL 18
       BOUNDARY CONDITIONS:
         HEAT TRANSFER:
           Fixed Temperature = TSBfachada3Zona6ext
           Option = Fixed Temperature
         END
         MASS AND MOMENTUM:
           Option = No Slip Wall
         END
         WALL ROUGHNESS:
           Option = Smooth Wall
         END
       END
     END
     BOUNDARY: Bfachada3Zona7ext
       Boundary Type = WALL
       Location = PSHELL 20
       BOUNDARY CONDITIONS:
         HEAT TRANSFER:
           Fixed Temperature = TSBfachada3Zona7ext
           Option = Fixed Temperature
         END
         MASS AND MOMENTUM:
           Option = No Slip Wall
         END
         WALL ROUGHNESS:
           Option = Smooth Wall
         END
       END
     END
     BOUNDARY: Bfachada3Zona8ext
       Boundary Type = WALL
       Location = PSHELL 22
       BOUNDARY CONDITIONS:
         HEAT TRANSFER:
           Fixed Temperature = TSBfachada3Zona8ext
           Option = Fixed Temperature
         END
         MASS AND MOMENTUM:
           Option = No Slip Wall
         END
         WALL ROUGHNESS:
           Option = Smooth Wall
         END
       END
     END
     BOUNDARY: Bfachada3Zona9ext
       Boundary Type = WALL
       Location = PSHELL 24
       BOUNDARY CONDITIONS:
         HEAT TRANSFER:
           Fixed Temperature = TSBfachada3Zona9ext
           Option = Fixed Temperature
         END
         MASS AND MOMENTUM:
           Option = No Slip Wall
         END
         WALL ROUGHNESS:
           Option = Smooth Wall
         END
       END
     END
     BOUNDARY: Bfachada5Zona10ext
       Boundary Type = WALL
       Location = PSHELL 27
       BOUNDARY CONDITIONS:
         HEAT TRANSFER:
           Fixed Temperature = TSBfachada5Zona10ext
           Option = Fixed Temperature
         END
         MASS AND MOMENTUM:
           Option = No Slip Wall
         END
         WALL ROUGHNESS:
           Option = Smooth Wall
         END
       END
     END
     BOUNDARY: Bfachada5Zona11ext
       Boundary Type = WALL
       Location = PSHELL 31
       BOUNDARY CONDITIONS:
         HEAT TRANSFER:
           Fixed Temperature = TSBfachada5Zona11ext
           Option = Fixed Temperature
         END
         MASS AND MOMENTUM:
           Option = No Slip Wall
         END
         WALL ROUGHNESS:
           Option = Smooth Wall
         END
       END
     END
     BOUNDARY: Bfachada6Zona10ext
       Boundary Type = WALL
       Location = PSHELL 28
       BOUNDARY CONDITIONS:
         HEAT TRANSFER:
           Fixed Temperature = TSBfachada6Zona10ext
           Option = Fixed Temperature
         END
         MASS AND MOMENTUM:
           Option = No Slip Wall
         END
         WALL ROUGHNESS:
           Option = Smooth Wall
         END
       END
     END
     BOUNDARY: Bfachada6Zona11ext
       Boundary Type = WALL
       Location = PSHELL 32
       BOUNDARY CONDITIONS:
         HEAT TRANSFER:
           Fixed Temperature = TSBfachada6Zona11ext
           Option = Fixed Temperature
         END
         MASS AND MOMENTUM:
           Option = No Slip Wall
         END
         WALL ROUGHNESS:
           Option = Smooth Wall
         END
       END
     END
     BOUNDARY: sideatmosphere1
       Boundary Type = WALL
       Location = PSHELL 43
       BOUNDARY CONDITIONS:
         HEAT TRANSFER:
           Option = Adiabatic
         END
         MASS AND MOMENTUM:
           Option = Specified Shear
           SHEAR STRESS:
             Option = Cartesian Components
             xValue = 0 [Pa]
             yValue = 0 [Pa]
             zValue = 0 [Pa]
           END
         END
         WALL ROUGHNESS:
           Option = Smooth Wall
         END
       END
     END
     BOUNDARY: sideatmosphere2
       Boundary Type = OUTLET
       Location = PSHELL 44
       BOUNDARY CONDITIONS:
         FLOW REGIME:
           Option = Subsonic
         END
         MASS AND MOMENTUM:
           Option = Cartesian Velocity Components
           U = Uinlet
           V = Vinlet
           W = 0 [m s^-1]
         END
       END
     END
     BOUNDARY: sideatmosphere3
       Boundary Type = WALL
       Location = PSHELL 45
       BOUNDARY CONDITIONS:
         HEAT TRANSFER:
           Option = Adiabatic
         END
         MASS AND MOMENTUM:
           Option = Specified Shear
           SHEAR STRESS:
             Option = Cartesian Components
             xValue = 0 [Pa]
             yValue = 0 [Pa]
             zValue = 0 [Pa]
           END
         END
         WALL ROUGHNESS:
           Option = Smooth Wall
         END
       END
     END
     BOUNDARY: sideatmosphere4
       Boundary Type = INLET
       Location = PSHELL 46
       BOUNDARY CONDITIONS:
         FLOW REGIME:
           Option = Subsonic
         END
         HEAT TRANSFER:
           Option = Static Temperature
           Static Temperature = Tref
         END
         MASS AND MOMENTUM:
           Option = Cartesian Velocity Components
           U = Uinlet
           V = Vinlet
           W = 0 [m s^-1]
         END
         TURBULENCE:
           Epsilon = dissnrjturb
           Option = k and Epsilon
           k = turbenergy
         END
       END
     END
     BOUNDARY: solatmosphere
       Boundary Type = WALL
       Location = PSHELL 47
       BOUNDARY CONDITIONS:
         HEAT TRANSFER:
           Option = Adiabatic
         END
         MASS AND MOMENTUM:
           Option = No Slip Wall
         END
         WALL ROUGHNESS:
           Option = Smooth Wall
         END
       END
     END
     BOUNDARY: topatmosphere
       Boundary Type = WALL
       Location = PSHELL 42
       BOUNDARY CONDITIONS:
         HEAT TRANSFER:
           Option = Adiabatic
         END
         MASS AND MOMENTUM:
           Option = Specified Shear
           SHEAR STRESS:
             Option = Cartesian Components
             xValue = 0 [Pa]
             yValue = 0 [Pa]
             zValue = 0 [Pa]
           END
         END
         WALL ROUGHNESS:
           Option = Smooth Wall
         END
       END
     END
     DOMAIN MODELS:
       BUOYANCY MODEL:
         Buoyancy Reference Temperature = 25 [C]
         Gravity X Component = 0 [m s^-2]
         Gravity Y Component = 0 [m s^-2]
         Gravity Z Component = -9.81 [m s^-2]
         Option = Buoyant
         BUOYANCY REFERENCE LOCATION:
           Option = Automatic
         END
       END
       DOMAIN MOTION:
         Option = Stationary
       END
       MESH DEFORMATION:
         Option = None
       END
       REFERENCE PRESSURE:
         Reference Pressure = 1 [atm]
       END
     END
     FLUID DEFINITION: Fluid 1
       Material = Air at 25 C
       Option = Material Library
       MORPHOLOGY:
         Option = Continuous Fluid
       END
     END
     FLUID MODELS:
       COMBUSTION MODEL:
         Option = None
       END
       HEAT TRANSFER MODEL:
         Option = Thermal Energy
       END
       THERMAL RADIATION MODEL:
         Option = None
       END
       TURBULENCE MODEL:
         Option = k epsilon
         BUOYANCY TURBULENCE:
           Dissipation Coefficient = 1.0
           Option = Production and Dissipation
           Turbulent Schmidt Number = 0.9
         END
       END
       TURBULENT WALL FUNCTIONS:
         Option = Scalable
       END
     END
     INITIALISATION:
       Option = Automatic
       INITIAL CONDITIONS:
         Velocity Type = Cartesian
         CARTESIAN VELOCITY COMPONENTS:
           Option = Automatic with Value
           U = Uinlet
           V = Vinlet
           W = 0 [m s^-1]
         END
         STATIC PRESSURE:
           Option = Automatic
         END
         TEMPERATURE:
           Option = Automatic with Value
           Temperature = Tref
         END
         TURBULENCE INITIAL CONDITIONS:
           Option = Medium Intensity and Eddy Viscosity Ratio
         END
       END
     END
   END
   OUTPUT CONTROL:
     RESULTS:
       File Compression Level = Default
       Option = Standard
     END
   END
   SOLVER CONTROL:
     Turbulence Numerics = First Order
     ADVECTION SCHEME:
       Option = High Resolution
     END
     CONVERGENCE CONTROL:
       Length Scale Option = Conservative
       Maximum Number of Iterations = 600
       Minimum Number of Iterations = 5
       Timescale Control = Auto Timescale
       Timescale Factor = 1.0
     END
     CONVERGENCE CRITERIA:
       Residual Target = 0.0005
       Residual Type = RMS
     END
     DYNAMIC MODEL CONTROL:
       Global Dynamic Model Control = On
     END
     INTERRUPT CONTROL:
       Option = Any Interrupt
       CONVERGENCE CONDITIONS:
         Option = Default Conditions
       END
     END
   END
 END
 COMMAND FILE:
   Version = 24.1
   Results Version = 24.1
 END
 SIMULATION CONTROL:
   EXECUTION CONTROL:
     EXECUTABLE SELECTION:
       Double Precision = Yes
       Large Problem = No
     END
     INTERPOLATOR STEP CONTROL:
       Runtime Priority = Standard
       MEMORY CONTROL:
         Memory Allocation Factor = 1.0
         Option = Model Based
       END
     END
     PARALLEL HOST LIBRARY:
       HOST DEFINITION: desktopjgrtv7o
         Remote Host Name = DESKTOP-JGRTV7O
         Host Architecture String = winnt-amd64
         Installation Root = C:\Program Files\ANSYS Inc\ANSYS Student\v%v\CFX
       END
     END
     PARTITIONER STEP CONTROL:
       Multidomain Option = Automatic
       Runtime Priority = Standard
       MEMORY CONTROL:
         Memory Allocation Factor = 1.0
         Option = Model Based
       END
       PARTITION SMOOTHING:
         Maximum Partition Smoothing Sweeps = 100
         Option = Smooth
       END
       PARTITIONING TYPE:
         MeTiS Type = k-way
         Option = MeTiS
         Partition Size Rule = Automatic
         Partition Weight Factors = 0.50000, 0.50000
       END
     END
     RUN DEFINITION:
       Run Mode = Full
       Solver Input File = Fluid Flow CFX.def
       Solver Results File = \
         C:/Users/Leandro/workspace/domus-cosimulation/bestest/bestest_CFX_pen\
         ding/dp0_CFX_Solution/Fluid Flow CFX_001.res
     END
     SOLVER STEP CONTROL:
       Runtime Priority = Standard
       MEMORY CONTROL:
         Memory Allocation Factor = 1.0
         Option = Model Based
       END
       PARALLEL ENVIRONMENT:
         Number of Processes = 2
         Start Method = Intel MPI Local Parallel
         Parallel Host List = desktopjgrtv7o*2
       END
     END
   END
 END
 
 
 +--------------------------------------------------------------------+
 |                                                                    |
 |                            Partitioning                            |
 |                                                                    |
 +--------------------------------------------------------------------+
 



 +--------------------------------------------------------------------+
 |                                                                    |
 |                     ANSYS(R) CFX(R) Partitioner                    |
 |                                                                    |
 | 2024 R1                                                            |
 | Build 24.1 2023-11-06T16:24:29.753953                              |
 | Mon Nov  6 17:03:59 GMTST 2023                                     |
 |                                                                    |
 |                        Executable Attributes                       |
 |                                                                    |
 |           double-64bit-int32-archfort-optimised-std-lcomp          |
 |                                                                    |
 | (C) 1996-2024 ANSYS, Inc.                                          |
 |                                                                    |
 | All rights reserved. Unauthorized use, distribution or duplication |
 | is prohibited. This product is subject to U.S. laws governing      |
 | export and re-export. For full Legal Notice, see documentation.    |
 +--------------------------------------------------------------------+




 +--------------------------------------------------------------------+
 |                  Job Information at Start of Run                   |
 +--------------------------------------------------------------------+

 Run mode:       partitioning run

 Host computer:  DESKTOP-JGRTV7O (PID:22340)

 Job started:    Sun Jun  2 17:58:35 2024

 +--------------------------------------------------------------------+
 |                        License Information                         |
 +--------------------------------------------------------------------+
 
 License Cap:    ANSYS CFD Solver
 License ID:     DESKTOP-JGRTV7O-Leandro-40560-000253
 
 License Cap:    ANSYS HPC Parallel
 License ID:     DESKTOP-JGRTV7O-Leandro-40560-000256

 INFO: You are using an academic student license which enables meshes 
       up to 1000000 vertices.

 INFO: Your license enables 4-way parallel execution.
       For faster simulations, please start the application with the
       appropriate parallel options.


 +--------------------------------------------------------------------+
 |         Initial Memory Allocation  (Actual usage may vary)         |
 +--------------------------------------------------------------------+

           | Real       | Integer    | Character | Logical  | Double
 ----------+------------+------------+-----------+----------+----------
 Mwords    |       1.41 |       7.96 |     10.07 |     0.12 |     0.00
 Mbytes    |      10.79 |      30.36 |      9.60 |     0.46 |     0.00
 ----------+------------+------------+-----------+----------+----------


 +--------------------------------------------------------------------+
 |            Host Memory Information (Mbytes): Partitioner           |
 +--------------------------------------------------------------------+
 |          Host           |     System     |   Allocated    |   %    |
 +-------------------------+----------------+----------------+--------+
 | DESKTOP-JGRTV7O         |      8094.43   |        51.21   |   0.63 |
 +-------------------------+----------------+----------------+--------+

 +--------------------------------------------------------------------+
 | The MeTiS partitioning method allocates additional memory.         |
 | Total memory usage will therefore exceed the values shown above.   |
 +--------------------------------------------------------------------+

 +--------------------------------------------------------------------+
 |                      Topology Simplification                       |
 +--------------------------------------------------------------------+

 +--------------------------------------------------------------------+
 |                       ****** Warning ******                        |
 |                                                                    |
 | Topology simplification is activated with the following            |
 | restrictions:                                                      |
 |                                                                    |
 | - Mesh regions referenced only within User Fortran and NOT         |
 |   in the command file will cause the solver to stop.               |
 | - The solver will stop during any "Edit Run in Progress" step      |
 |   if new 2D regions are referenced.                                |
 +--------------------------------------------------------------------+

 +--------------------------------------------------------------------+
 |                          Mesh Statistics                           |
 +--------------------------------------------------------------------+

 Domain Name : canopy

     Total Number of Nodes                                =       63042

     Total Number of Elements                             =      306607
         Total Number of Tetrahedrons                     =      306607

     Total Number of Faces                                =       54234

 +--------------------------------------------------------------------+
 |                     Vertex Based Partitioning                      |
 +--------------------------------------------------------------------+

 Partitioning of domain: canopy

 - Partitioning tool:       MeTiS multilevel k-way algorithm
 - Number of partitions:             2
 - Number of graph-nodes:        63042
 - Number of graph-edges:       793530

 +--------------------------------------------------------------------+
 |                 Iso-Partition Connection Statistics                |
 +--------------------------------------------------------------------+
 | Domains in Group          |        |           Vertices            |
 |                           | Smooth +---------+----------+----------+
 |                           | Sweeps |  Moves  |   <25%   |   <50%   |
 +---------------------------+--------+---------+----------+----------+
 | canopy                    |     2  |       3 |       0  |       0  |
 +---------------------------+--------+---------+----------+----------+

 +--------------------------------------------------------------------+
 |                      Partitioning Information                      |
 +--------------------------------------------------------------------+

 Partitioning information for domain: canopy

        +------------------+------------------------+-----------------+
        |     Elements     |        Vertices        |     Faces       |
 +------+------------------+------------------------+-----------------+
 | Part |   Number     %   |   Number     %   %Ovlp |  Number     %   |
 +------+------------------+------------------------+-----------------+
 | Full |    306607        |     63042              |    54234        |
 +------+------------------+------------------------+-----------------+
 |    1 |    159151   51.0 |     32406   49.6   3.5 |    24828   45.2 |
 |    2 |    153167   49.0 |     32924   50.4   3.5 |    30048   54.8 |
 +------+------------------+------------------------+-----------------+
 | Min  |    153167   49.0 |     32406   49.6   3.5 |    24828   45.2 |
 |(part)|           (    2)|           (    1     1)|          (    1)|
 +------+------------------+------------------------+-----------------+
 | Max  |    159151   51.0 |     32924   50.4   3.5 |    30048   54.8 |
 |(part)|           (    1)|           (    2     2)|          (    2)|
 +------+------------------+------------------------+-----------------+
 | Ave  |    156159   50.0 |     32665   50.0   3.5 |    27438   50.0 |
 +------+------------------+------------------------+-----------------+
 | Sum  |    312318  100.0 |     65330  100.0       |    54876  100.0 |
 +------+------------------+------------------------+-----------------+


 +--------------------------------------------------------------------+
 |            Host Memory Information (Mbytes): Partitioner           |
 +--------------------------------------------------------------------+
 |          Host           |     System     |      Peak      |   %    |
 +-------------------------+----------------+----------------+--------+
 | DESKTOP-JGRTV7O         |      8094.43   |        80.33   |   0.99 |
 +-------------------------+----------------+----------------+--------+

 +--------------------------------------------------------------------+
 |                CPU Time Requirements of Partitioner                |
 +--------------------------------------------------------------------+
 
 Preparations                   4.60E-01   13.7 %
 Low-level Mesh Partitioning    7.70E-02    2.3 %
 File Reading                   5.31E-01   15.8 %
 Partition Smoothing            5.16E-01   15.4 %
 Topology - Global              1.50E-02    0.4 %
 Topology - Element/Face/Patch  5.20E-02    1.5 %
 Topology - Vertex              7.00E-03    0.2 %
 Data Compression               4.00E-03    0.1 %
 Variable Updates               4.00E-03    0.1 %
 File Writing                   1.75E-01    5.2 %
 Miscellaneous                  1.51E+00   45.1 %
                                --------
 Total                          3.36E+00

 +--------------------------------------------------------------------+
 |                   Job Information at End of Run                    |
 +--------------------------------------------------------------------+

 Host computer:  DESKTOP-JGRTV7O (PID:22340)

 Job finished:   Sun Jun  2 17:58:38 2024

 Total wall clock time: 2.900E+00 seconds
             or: (          0:         0:         0:     2.900 )
                 (       Days:     Hours:   Minutes:   Seconds )

 
 +--------------------------------------------------------------------+
 |                                                                    |
 |                               Solver                               |
 |                                                                    |
 +--------------------------------------------------------------------+
 

 +--------------------------------------------------------------------+
 |                An error has occurred in cfx5solve:                 |
 |                                                                    |
 | The ANSYS CFX solver exited with return code 143.   No results     |
 | file has been created.                                             |
 +--------------------------------------------------------------------+

End of solution stage.

 +--------------------------------------------------------------------+
 | For CFX runs launched from Workbench, the final locations of       |
 | directories and files generated may differ from those shown.       |
 +--------------------------------------------------------------------+


This run of the ANSYS CFX Solver has finished.
